{"D:\\netixsol\\Areeba-Eman\\week10\\day4\\backend\\src\\app.js": {"path":"D:\\netixsol\\Areeba-Eman\\week10\\day4\\backend\\src\\app.js","statementMap":{"0":{"start":{"line":2,"column":16},"end":{"line":2,"column":34}},"1":{"start":{"line":3,"column":13},"end":{"line":3,"column":28}},"2":{"start":{"line":5,"column":12},"end":{"line":5,"column":21}},"3":{"start":{"line":7,"column":0},"end":{"line":7,"column":24}},"4":{"start":{"line":9,"column":0},"end":{"line":16,"column":2}},"5":{"start":{"line":19,"column":19},"end":{"line":19,"column":43}},"6":{"start":{"line":20,"column":0},"end":{"line":20,"column":29}},"7":{"start":{"line":22,"column":19},"end":{"line":22,"column":43}},"8":{"start":{"line":23,"column":0},"end":{"line":23,"column":30}},"9":{"start":{"line":25,"column":0},"end":{"line":25,"column":21}}},"fnMap":{},"branchMap":{},"s":{"0":1,"1":1,"2":1,"3":1,"4":1,"5":1,"6":1,"7":1,"8":1,"9":1},"f":{},"b":{},"_coverageSchema":"1a1c01bbd47fc00a2c39e90264f33305004495a9","hash":"b6021ea6ffb73caba42de5026ddd3ae05194a556"}
,"D:\\netixsol\\Areeba-Eman\\week10\\day4\\backend\\src\\controllers\\authController.js": {"path":"D:\\netixsol\\Areeba-Eman\\week10\\day4\\backend\\src\\controllers\\authController.js","statementMap":{"0":{"start":{"line":2,"column":20},"end":{"line":2,"column":54}},"1":{"start":{"line":5,"column":2},"end":{"line":11,"column":3}},"2":{"start":{"line":6,"column":35},"end":{"line":6,"column":43}},"3":{"start":{"line":7,"column":19},"end":{"line":7,"column":56}},"4":{"start":{"line":8,"column":4},"end":{"line":8,"column":21}},"5":{"start":{"line":10,"column":4},"end":{"line":10,"column":51}},"6":{"start":{"line":14,"column":0},"end":{"line":14,"column":27}}},"fnMap":{"0":{"name":"login","decl":{"start":{"line":4,"column":9},"end":{"line":4,"column":14}},"loc":{"start":{"line":4,"column":25},"end":{"line":12,"column":1}},"line":4}},"branchMap":{},"s":{"0":1,"1":2,"2":2,"3":2,"4":1,"5":1,"6":1},"f":{"0":2},"b":{},"_coverageSchema":"1a1c01bbd47fc00a2c39e90264f33305004495a9","hash":"eb93a21df8fd3ac0f759a8bf6b7d17c83284967b"}
,"D:\\netixsol\\Areeba-Eman\\week10\\day4\\backend\\src\\controllers\\todoController.js": {"path":"D:\\netixsol\\Areeba-Eman\\week10\\day4\\backend\\src\\controllers\\todoController.js","statementMap":{"0":{"start":{"line":1,"column":20},"end":{"line":1,"column":54}},"1":{"start":{"line":4,"column":2},"end":{"line":4,"column":35}},"2":{"start":{"line":8,"column":19},"end":{"line":8,"column":27}},"3":{"start":{"line":9,"column":18},"end":{"line":9,"column":43}},"4":{"start":{"line":10,"column":2},"end":{"line":10,"column":20}},"5":{"start":{"line":13,"column":0},"end":{"line":13,"column":39}}},"fnMap":{"0":{"name":"getTodos","decl":{"start":{"line":3,"column":9},"end":{"line":3,"column":17}},"loc":{"start":{"line":3,"column":28},"end":{"line":5,"column":1}},"line":3},"1":{"name":"addTodo","decl":{"start":{"line":7,"column":9},"end":{"line":7,"column":16}},"loc":{"start":{"line":7,"column":27},"end":{"line":11,"column":1}},"line":7}},"branchMap":{},"s":{"0":1,"1":1,"2":1,"3":1,"4":1,"5":1},"f":{"0":1,"1":1},"b":{},"_coverageSchema":"1a1c01bbd47fc00a2c39e90264f33305004495a9","hash":"3665b126203674b113ddebb28ba0371d587bb308"}
,"D:\\netixsol\\Areeba-Eman\\week10\\day4\\backend\\src\\routes\\auth.js": {"path":"D:\\netixsol\\Areeba-Eman\\week10\\day4\\backend\\src\\routes\\auth.js","statementMap":{"0":{"start":{"line":2,"column":16},"end":{"line":2,"column":34}},"1":{"start":{"line":3,"column":15},"end":{"line":3,"column":31}},"2":{"start":{"line":4,"column":23},"end":{"line":4,"column":63}},"3":{"start":{"line":6,"column":0},"end":{"line":6,"column":44}},"4":{"start":{"line":8,"column":0},"end":{"line":8,"column":24}}},"fnMap":{},"branchMap":{},"s":{"0":1,"1":1,"2":1,"3":1,"4":1},"f":{},"b":{},"_coverageSchema":"1a1c01bbd47fc00a2c39e90264f33305004495a9","hash":"6cdd2fde61c8d8659390d188353990515a0ae106"}
,"D:\\netixsol\\Areeba-Eman\\week10\\day4\\backend\\src\\routes\\todo.js": {"path":"D:\\netixsol\\Areeba-Eman\\week10\\day4\\backend\\src\\routes\\todo.js","statementMap":{"0":{"start":{"line":1,"column":16},"end":{"line":1,"column":34}},"1":{"start":{"line":2,"column":15},"end":{"line":2,"column":31}},"2":{"start":{"line":3,"column":23},"end":{"line":3,"column":63}},"3":{"start":{"line":5,"column":0},"end":{"line":5,"column":41}},"4":{"start":{"line":6,"column":0},"end":{"line":6,"column":41}},"5":{"start":{"line":8,"column":0},"end":{"line":8,"column":24}}},"fnMap":{},"branchMap":{},"s":{"0":1,"1":1,"2":1,"3":1,"4":1,"5":1},"f":{},"b":{},"_coverageSchema":"1a1c01bbd47fc00a2c39e90264f33305004495a9","hash":"e79a3963f6a6115a83dc80d7247d855a331956aa"}
,"D:\\netixsol\\Areeba-Eman\\week10\\day4\\backend\\src\\services\\authService.js": {"path":"D:\\netixsol\\Areeba-Eman\\week10\\day4\\backend\\src\\services\\authService.js","statementMap":{"0":{"start":{"line":3,"column":2},"end":{"line":5,"column":3}},"1":{"start":{"line":4,"column":4},"end":{"line":4,"column":46}},"2":{"start":{"line":6,"column":2},"end":{"line":6,"column":41}},"3":{"start":{"line":9,"column":0},"end":{"line":9,"column":27}}},"fnMap":{"0":{"name":"login","decl":{"start":{"line":2,"column":9},"end":{"line":2,"column":14}},"loc":{"start":{"line":2,"column":35},"end":{"line":7,"column":1}},"line":2}},"branchMap":{"0":{"loc":{"start":{"line":3,"column":2},"end":{"line":5,"column":3}},"type":"if","locations":[{"start":{"line":3,"column":2},"end":{"line":5,"column":3}},{"start":{},"end":{}}],"line":3},"1":{"loc":{"start":{"line":3,"column":6},"end":{"line":3,"column":49}},"type":"binary-expr","locations":[{"start":{"line":3,"column":6},"end":{"line":3,"column":26}},{"start":{"line":3,"column":30},"end":{"line":3,"column":49}}],"line":3}},"s":{"0":4,"1":2,"2":2,"3":2},"f":{"0":4},"b":{"0":[2,2],"1":[4,2]},"_coverageSchema":"1a1c01bbd47fc00a2c39e90264f33305004495a9","hash":"1b1cadbb560e90fd73d0182fb9a3717cea1e12bc"}
,"D:\\netixsol\\Areeba-Eman\\week10\\day4\\backend\\src\\services\\todoService.js": {"path":"D:\\netixsol\\Areeba-Eman\\week10\\day4\\backend\\src\\services\\todoService.js","statementMap":{"0":{"start":{"line":1,"column":12},"end":{"line":1,"column":14}},"1":{"start":{"line":4,"column":2},"end":{"line":4,"column":15}},"2":{"start":{"line":8,"column":15},"end":{"line":8,"column":39}},"3":{"start":{"line":9,"column":2},"end":{"line":9,"column":19}},"4":{"start":{"line":10,"column":2},"end":{"line":10,"column":14}},"5":{"start":{"line":14,"column":2},"end":{"line":14,"column":13}},"6":{"start":{"line":17,"column":0},"end":{"line":17,"column":51}}},"fnMap":{"0":{"name":"getTodos","decl":{"start":{"line":3,"column":9},"end":{"line":3,"column":17}},"loc":{"start":{"line":3,"column":20},"end":{"line":5,"column":1}},"line":3},"1":{"name":"addTodo","decl":{"start":{"line":7,"column":9},"end":{"line":7,"column":16}},"loc":{"start":{"line":7,"column":23},"end":{"line":11,"column":1}},"line":7},"2":{"name":"clearTodos","decl":{"start":{"line":13,"column":9},"end":{"line":13,"column":19}},"loc":{"start":{"line":13,"column":22},"end":{"line":15,"column":1}},"line":13}},"branchMap":{},"s":{"0":2,"1":3,"2":2,"3":2,"4":2,"5":5,"6":2},"f":{"0":3,"1":2,"2":5},"b":{},"_coverageSchema":"1a1c01bbd47fc00a2c39e90264f33305004495a9","hash":"daf3c96c872b6dbc13ff3c1ae0039aad32f8a5b4"}
}
