TN:
SF:src\app.js
FNF:0
FNH:0
DA:2,1
DA:3,1
DA:5,1
DA:7,1
DA:9,1
DA:19,1
DA:20,1
DA:22,1
DA:23,1
DA:25,1
LF:10
LH:10
BRF:0
BRH:0
end_of_record
TN:
SF:src\controllers\authController.js
FN:4,login
FNF:1
FNH:1
FNDA:2,login
DA:2,1
DA:5,2
DA:6,2
DA:7,2
DA:8,1
DA:10,1
DA:14,1
LF:7
LH:7
BRF:0
BRH:0
end_of_record
TN:
SF:src\controllers\todoController.js
FN:3,getTodos
FN:7,addTodo
FN:13,completeTodo
FN:23,deleteTodo
FNF:4
FNH:3
FNDA:0,getTodos
FNDA:3,addTodo
FNDA:1,completeTodo
FNDA:1,deleteTodo
DA:1,1
DA:4,0
DA:8,3
DA:9,3
DA:10,3
DA:14,1
DA:15,1
DA:16,1
DA:17,1
DA:19,0
DA:24,1
DA:25,1
DA:26,1
DA:27,1
DA:29,0
DA:33,1
LF:16
LH:13
BRF:0
BRH:0
end_of_record
TN:
SF:src\routes\auth.js
FNF:0
FNH:0
DA:2,1
DA:3,1
DA:4,1
DA:6,1
DA:8,1
LF:5
LH:5
BRF:0
BRH:0
end_of_record
TN:
SF:src\routes\todo.js
FNF:0
FNH:0
DA:1,1
DA:2,1
DA:4,1
DA:6,1
DA:7,1
DA:8,1
DA:9,1
DA:11,1
LF:8
LH:8
BRF:0
BRH:0
end_of_record
TN:
SF:src\services\authService.js
FN:2,login
FNF:1
FNH:1
FNDA:4,login
DA:3,4
DA:4,2
DA:6,2
DA:9,2
LF:4
LH:4
BRDA:3,0,0,2
BRDA:3,0,1,2
BRDA:3,1,0,4
BRDA:3,1,1,2
BRF:4
BRH:4
end_of_record
TN:
SF:src\services\todoService.js
FN:4,addTodo
FN:10,getTodos
FN:14,completeTodo
FN:15,(anonymous_3)
FN:21,deleteTodo
FN:22,(anonymous_5)
FN:28,clearTodos
FN:33,__setTodos
FN:35,(anonymous_8)
FNF:9
FNH:8
FNDA:8,addTodo
FNDA:2,getTodos
FNDA:3,completeTodo
FNDA:2,(anonymous_3)
FNDA:3,deleteTodo
FNDA:2,(anonymous_5)
FNDA:5,clearTodos
FNDA:6,__setTodos
FNDA:0,(anonymous_8)
DA:1,2
DA:2,2
DA:5,8
DA:6,8
DA:7,8
DA:11,2
DA:15,3
DA:16,3
DA:17,2
DA:18,2
DA:22,3
DA:23,3
DA:24,2
DA:29,5
DA:30,5
DA:34,6
DA:35,6
DA:38,2
LF:18
LH:18
BRDA:16,0,0,1
BRDA:16,0,1,2
BRDA:23,1,0,1
BRDA:23,1,1,2
BRDA:35,2,0,0
BRDA:35,2,1,6
BRF:6
BRH:5
end_of_record
