TN:
SF:src\app.js
FNF:0
FNH:0
DA:2,1
DA:3,1
DA:5,1
DA:7,1
DA:9,1
DA:19,1
DA:20,1
DA:22,1
DA:23,1
DA:25,1
LF:10
LH:10
BRF:0
BRH:0
end_of_record
TN:
SF:src\controllers\authController.js
FN:4,login
FNF:1
FNH:1
FNDA:2,login
DA:2,1
DA:5,2
DA:6,2
DA:7,2
DA:8,1
DA:10,1
DA:14,1
LF:7
LH:7
BRF:0
BRH:0
end_of_record
TN:
SF:src\controllers\todoController.js
FN:3,getTodos
FN:7,addTodo
FNF:2
FNH:2
FNDA:1,getTodos
FNDA:1,addTodo
DA:1,1
DA:4,1
DA:8,1
DA:9,1
DA:10,1
DA:13,1
LF:6
LH:6
BRF:0
BRH:0
end_of_record
TN:
SF:src\routes\auth.js
FNF:0
FNH:0
DA:2,1
DA:3,1
DA:4,1
DA:6,1
DA:8,1
LF:5
LH:5
BRF:0
BRH:0
end_of_record
TN:
SF:src\routes\todo.js
FNF:0
FNH:0
DA:1,1
DA:2,1
DA:3,1
DA:5,1
DA:6,1
DA:8,1
LF:6
LH:6
BRF:0
BRH:0
end_of_record
TN:
SF:src\services\authService.js
FN:2,login
FNF:1
FNH:1
FNDA:4,login
DA:3,4
DA:4,2
DA:6,2
DA:9,2
LF:4
LH:4
BRDA:3,0,0,2
BRDA:3,0,1,2
BRDA:3,1,0,4
BRDA:3,1,1,2
BRF:4
BRH:4
end_of_record
TN:
SF:src\services\todoService.js
FN:3,getTodos
FN:7,addTodo
FN:13,clearTodos
FNF:3
FNH:3
FNDA:3,getTodos
FNDA:2,addTodo
FNDA:5,clearTodos
DA:1,2
DA:4,3
DA:8,2
DA:9,2
DA:10,2
DA:14,5
DA:17,2
LF:7
LH:7
BRF:0
BRH:0
end_of_record
